# JRE version: Java(TM) SE Runtime Environment (18.0.1.1+2) (build 18.0.1.1+2-6)
# Java VM: Java HotSpot(TM) 64-Bit Server VM (18.0.1.1+2-6, mixed mode, sharing, tiered, compressed oops, compressed class ptrs, g1 gc, windows-amd64)
GC Precious Log:
 CardTable entry size: 512
 Card Set container configuration: InlinePtr #cards 5 size 8 Array Of Cards #cards 12 size 40 Howl #buckets 4 coarsen threshold 1843 Howl Bitmap #cards 512 size 80 coarsen threshold 460 Card regions per heap region 1 cards per card region 2048
 CPUs: 4 total, 4 available
 Memory: 7090M
 Large Page Support: Disabled
 NUMA Support: Disabled
 Compressed Oops: Enabled (32-bit)
 Heap Region Size: 1M
 Heap Min Capacity: 8M
 Heap Initial Capacity: 112M
 Heap Max Capacity: 1774M
 Pre-touch: Disabled
 Parallel Workers: 4
 Concurrent Workers: 1
 Concurrent Refinement Workers: 4
 Periodic GC: Disabled
Heap:
 garbage-first heap   total 110592K, used 60506K [0x0000000091200000, 0x0000000100000000)
  region size 1024K, 12 young (12288K), 2 survivors (2048K)
 Metaspace       used 50248K, committed 51840K, reserved 1114112K
  class space    used 6757K, committed 7552K, reserved 1048576K
GC Heap History (20 events):
Event: 50.817 GC heap before
{Heap before GC invocations=8 (full 0):
 garbage-first heap   total 78848K, used 58810K [0x0000000091200000, 0x0000000100000000)
  region size 1024K, 33 young (33792K), 4 survivors (4096K)
 Metaspace       used 34590K, committed 35776K, reserved 1114112K
  class space    used 4794K, committed 5376K, reserved 1048576K
}
Event: 50.829 GC heap after
{Heap after GC invocations=9 (full 0):
 garbage-first heap   total 78848K, used 32822K [0x0000000091200000, 0x0000000100000000)
  region size 1024K, 4 young (4096K), 4 survivors (4096K)
 Metaspace       used 34590K, committed 35776K, reserved 1114112K
  class space    used 4794K, committed 5376K, reserved 1048576K
}
Event: 50.866 GC heap before
{Heap before GC invocations=9 (full 0):
 garbage-first heap   total 78848K, used 33846K [0x0000000091200000, 0x0000000100000000)
  region size 1024K, 6 young (6144K), 4 survivors (4096K)
 Metaspace       used 34758K, committed 35968K, reserved 1114112K
  class space    used 4821K, committed 5440K, reserved 1048576K
}
Event: 50.873 GC heap after
{Heap after GC invocations=10 (full 0):
 garbage-first heap   total 78848K, used 33454K [0x0000000091200000, 0x0000000100000000)
  region size 1024K, 1 young (1024K), 1 survivors (1024K)
 Metaspace       used 34758K, committed 35968K, reserved 1114112K
  class space    used 4821K, committed 5440K, reserved 1048576K
}
Event: 51.780 GC heap before
{Heap before GC invocations=11 (full 0):
 garbage-first heap   total 78848K, used 61102K [0x0000000091200000, 0x0000000100000000)
  region size 1024K, 28 young (28672K), 1 survivors (1024K)
 Metaspace       used 37560K, committed 38976K, reserved 1114112K
  class space    used 5188K, committed 5888K, reserved 1048576K
}
Event: 51.788 GC heap after
{Heap after GC invocations=12 (full 0):
 garbage-first heap   total 78848K, used 35337K [0x0000000091200000, 0x0000000100000000)
  region size 1024K, 3 young (3072K), 3 survivors (3072K)
 Metaspace       used 37560K, committed 38976K, reserved 1114112K
  class space    used 5188K, committed 5888K, reserved 1048576K
}
Event: 53.025 GC heap before
{Heap before GC invocations=12 (full 0):
 garbage-first heap   total 78848K, used 60937K [0x0000000091200000, 0x0000000100000000)
  region size 1024K, 28 young (28672K), 3 survivors (3072K)
 Metaspace       used 40344K, committed 41856K, reserved 1114112K
  class space    used 5555K, committed 6336K, reserved 1048576K
}
Event: 53.036 GC heap after
{Heap after GC invocations=13 (full 0):
 garbage-first heap   total 78848K, used 37713K [0x0000000091200000, 0x0000000100000000)
  region size 1024K, 3 young (3072K), 3 survivors (3072K)
 Metaspace       used 40344K, committed 41856K, reserved 1114112K
  class space    used 5555K, committed 6336K, reserved 1048576K
}
Event: 53.898 GC heap before
{Heap before GC invocations=13 (full 0):
 garbage-first heap   total 78848K, used 55121K [0x0000000091200000, 0x0000000100000000)
  region size 1024K, 21 young (21504K), 3 survivors (3072K)
 Metaspace       used 41057K, committed 42560K, reserved 1114112K
  class space    used 5638K, committed 6400K, reserved 1048576K
}
Event: 53.910 GC heap after
{Heap after GC invocations=14 (full 0):
 garbage-first heap   total 78848K, used 39145K [0x0000000091200000, 0x0000000100000000)
  region size 1024K, 3 young (3072K), 3 survivors (3072K)
 Metaspace       used 41057K, committed 42560K, reserved 1114112K
  class space    used 5638K, committed 6400K, reserved 1048576K
}
Event: 54.329 GC heap before
{Heap before GC invocations=15 (full 0):
 garbage-first heap   total 78848K, used 45289K [0x0000000091200000, 0x0000000100000000)
  region size 1024K, 9 young (9216K), 3 survivors (3072K)
 Metaspace       used 41092K, committed 42560K, reserved 1114112K
  class space    used 5642K, committed 6400K, reserved 1048576K
}
Event: 54.335 GC heap after
{Heap after GC invocations=16 (full 0):
 garbage-first heap   total 78848K, used 45313K [0x0000000091200000, 0x0000000100000000)
  region size 1024K, 4 young (4096K), 4 survivors (4096K)
 Metaspace       used 41092K, committed 42560K, reserved 1114112K
  class space    used 5642K, committed 6400K, reserved 1048576K
}
Event: 54.830 GC heap before
{Heap before GC invocations=17 (full 0):
 garbage-first heap   total 87040K, used 57601K [0x0000000091200000, 0x0000000100000000)
  region size 1024K, 14 young (14336K), 4 survivors (4096K)
 Metaspace       used 41851K, committed 43328K, reserved 1114112K
  class space    used 5740K, committed 6528K, reserved 1048576K
}
Event: 54.837 GC heap after
{Heap after GC invocations=18 (full 0):
 garbage-first heap   total 87040K, used 49436K [0x0000000091200000, 0x0000000100000000)
  region size 1024K, 2 young (2048K), 2 survivors (2048K)
 Metaspace       used 41851K, committed 43328K, reserved 1114112K
  class space    used 5740K, committed 6528K, reserved 1048576K
}
Event: 55.222 GC heap before
{Heap before GC invocations=18 (full 0):
 garbage-first heap   total 87040K, used 61724K [0x0000000091200000, 0x0000000100000000)
  region size 1024K, 15 young (15360K), 2 survivors (2048K)
 Metaspace       used 43721K, committed 45312K, reserved 1114112K
  class space    used 5971K, committed 6784K, reserved 1048576K
}
Event: 55.229 GC heap after
{Heap after GC invocations=19 (full 0):
 garbage-first heap   total 87040K, used 50056K [0x0000000091200000, 0x0000000100000000)
  region size 1024K, 1 young (1024K), 1 survivors (1024K)
 Metaspace       used 43721K, committed 45312K, reserved 1114112K
  class space    used 5971K, committed 6784K, reserved 1048576K
}
Event: 55.774 GC heap before
{Heap before GC invocations=20 (full 0):
 garbage-first heap   total 92160K, used 62344K [0x0000000091200000, 0x0000000100000000)
  region size 1024K, 14 young (14336K), 1 survivors (1024K)
 Metaspace       used 46089K, committed 47680K, reserved 1114112K
  class space    used 6265K, committed 7040K, reserved 1048576K
}
Event: 55.778 GC heap after
{Heap after GC invocations=21 (full 0):
 garbage-first heap   total 92160K, used 50574K [0x0000000091200000, 0x0000000100000000)
  region size 1024K, 2 young (2048K), 2 survivors (2048K)
 Metaspace       used 46089K, committed 47680K, reserved 1114112K
  class space    used 6265K, committed 7040K, reserved 1048576K
}
Event: 56.494 GC heap before
{Heap before GC invocations=21 (full 0):
 garbage-first heap   total 92160K, used 66958K [0x0000000091200000, 0x0000000100000000)
  region size 1024K, 19 young (19456K), 2 survivors (2048K)
 Metaspace       used 49153K, committed 50752K, reserved 1114112K
  class space    used 6585K, committed 7360K, reserved 1048576K
}
Event: 56.500 GC heap after
{Heap after GC invocations=22 (full 0):
 garbage-first heap   total 110592K, used 51290K [0x0000000091200000, 0x0000000100000000)
  region size 1024K, 2 young (2048K), 2 survivors (2048K)
 Metaspace       used 49153K, committed 50752K, reserved 1114112K
  class space    used 6585K, committed 7360K, reserved 1048576K
}

