# JRE version: Java(TM) SE Runtime Environment (18.0.1.1+2) (build 18.0.1.1+2-6)
# Java VM: Java HotSpot(TM) 64-Bit Server VM (18.0.1.1+2-6, mixed mode, sharing, tiered, compressed oops, compressed class ptrs, g1 gc, windows-amd64)
GC Precious Log:
 CardTable entry size: 512
 Card Set container configuration: InlinePtr #cards 5 size 8 Array Of Cards #cards 12 size 40 Howl #buckets 4 coarsen threshold 1843 Howl Bitmap #cards 512 size 80 coarsen threshold 460 Card regions per heap region 1 cards per card region 2048
 CPUs: 4 total, 4 available
 Memory: 7090M
 Large Page Support: Disabled
 NUMA Support: Disabled
 Compressed Oops: Enabled (32-bit)
 Heap Region Size: 1M
 Heap Min Capacity: 8M
 Heap Initial Capacity: 112M
 Heap Max Capacity: 1774M
 Pre-touch: Disabled
 Parallel Workers: 4
 Concurrent Workers: 1
 Concurrent Refinement Workers: 4
 Periodic GC: Disabled
Heap:
 garbage-first heap   total 312320K, used 250752K [0x0000000091200000, 0x0000000100000000)
  region size 1024K, 50 young (51200K), 7 survivors (7168K)
 Metaspace       used 97129K, committed 99520K, reserved 1179648K
  class space    used 12900K, committed 14016K, reserved 1048576K
GC Heap History (20 events):
Event: 208.615 GC heap before
{Heap before GC invocations=45 (full 0):
 garbage-first heap   total 240640K, used 196633K [0x0000000091200000, 0x0000000100000000)
  region size 1024K, 38 young (38912K), 4 survivors (4096K)
 Metaspace       used 88487K, committed 90816K, reserved 1179648K
  class space    used 11934K, committed 12992K, reserved 1048576K
}
Event: 208.629 GC heap after
{Heap after GC invocations=46 (full 0):
 garbage-first heap   total 240640K, used 166240K [0x0000000091200000, 0x0000000100000000)
  region size 1024K, 4 young (4096K), 4 survivors (4096K)
 Metaspace       used 88487K, committed 90816K, reserved 1179648K
  class space    used 11934K, committed 12992K, reserved 1048576K
}
Event: 209.663 GC heap before
{Heap before GC invocations=46 (full 0):
 garbage-first heap   total 240640K, used 199008K [0x0000000091200000, 0x0000000100000000)
  region size 1024K, 37 young (37888K), 4 survivors (4096K)
 Metaspace       used 88591K, committed 90944K, reserved 1179648K
  class space    used 11934K, committed 12992K, reserved 1048576K
}
Event: 209.676 GC heap after
{Heap after GC invocations=47 (full 0):
 garbage-first heap   total 240640K, used 169431K [0x0000000091200000, 0x0000000100000000)
  region size 1024K, 3 young (3072K), 3 survivors (3072K)
 Metaspace       used 88591K, committed 90944K, reserved 1179648K
  class space    used 11934K, committed 12992K, reserved 1048576K
}
Event: 210.645 GC heap before
{Heap before GC invocations=47 (full 0):
 garbage-first heap   total 240640K, used 201175K [0x0000000091200000, 0x0000000100000000)
  region size 1024K, 35 young (35840K), 3 survivors (3072K)
 Metaspace       used 88702K, committed 91072K, reserved 1179648K
  class space    used 11935K, committed 13056K, reserved 1048576K
}
Event: 210.661 GC heap after
{Heap after GC invocations=48 (full 0):
 garbage-first heap   total 240640K, used 172342K [0x0000000091200000, 0x0000000100000000)
  region size 1024K, 3 young (3072K), 3 survivors (3072K)
 Metaspace       used 88702K, committed 91072K, reserved 1179648K
  class space    used 11935K, committed 13056K, reserved 1048576K
}
Event: 212.154 GC heap before
{Heap before GC invocations=49 (full 0):
 garbage-first heap   total 312320K, used 203062K [0x0000000091200000, 0x0000000100000000)
  region size 1024K, 34 young (34816K), 3 survivors (3072K)
 Metaspace       used 88952K, committed 91264K, reserved 1179648K
  class space    used 11942K, committed 13056K, reserved 1048576K
}
Event: 212.168 GC heap after
{Heap after GC invocations=50 (full 0):
 garbage-first heap   total 312320K, used 175083K [0x0000000091200000, 0x0000000100000000)
  region size 1024K, 3 young (3072K), 3 survivors (3072K)
 Metaspace       used 88952K, committed 91264K, reserved 1179648K
  class space    used 11942K, committed 13056K, reserved 1048576K
}
Event: 212.591 GC heap before
{Heap before GC invocations=50 (full 0):
 garbage-first heap   total 312320K, used 186347K [0x0000000091200000, 0x0000000100000000)
  region size 1024K, 15 young (15360K), 3 survivors (3072K)
 Metaspace       used 89054K, committed 91392K, reserved 1179648K
  class space    used 11946K, committed 13056K, reserved 1048576K
}
Event: 212.602 GC heap after
{Heap after GC invocations=51 (full 0):
 garbage-first heap   total 312320K, used 172849K [0x0000000091200000, 0x0000000100000000)
  region size 1024K, 1 young (1024K), 1 survivors (1024K)
 Metaspace       used 89054K, committed 91392K, reserved 1179648K
  class space    used 11946K, committed 13056K, reserved 1048576K
}
Event: 215.445 GC heap before
{Heap before GC invocations=51 (full 0):
 garbage-first heap   total 312320K, used 255793K [0x0000000091200000, 0x0000000100000000)
  region size 1024K, 83 young (84992K), 1 survivors (1024K)
 Metaspace       used 89535K, committed 91904K, reserved 1179648K
  class space    used 11980K, committed 13120K, reserved 1048576K
}
Event: 215.465 GC heap after
{Heap after GC invocations=52 (full 0):
 garbage-first heap   total 312320K, used 179940K [0x0000000091200000, 0x0000000100000000)
  region size 1024K, 8 young (8192K), 8 survivors (8192K)
 Metaspace       used 89535K, committed 91904K, reserved 1179648K
  class space    used 11980K, committed 13120K, reserved 1048576K
}
Event: 217.954 GC heap before
{Heap before GC invocations=52 (full 0):
 garbage-first heap   total 312320K, used 257764K [0x0000000091200000, 0x0000000100000000)
  region size 1024K, 85 young (87040K), 8 survivors (8192K)
 Metaspace       used 89710K, committed 92096K, reserved 1179648K
  class space    used 11984K, committed 13120K, reserved 1048576K
}
Event: 217.983 GC heap after
{Heap after GC invocations=53 (full 0):
 garbage-first heap   total 312320K, used 187801K [0x0000000091200000, 0x0000000100000000)
  region size 1024K, 8 young (8192K), 8 survivors (8192K)
 Metaspace       used 89710K, committed 92096K, reserved 1179648K
  class space    used 11984K, committed 13120K, reserved 1048576K
}
Event: 219.757 GC heap before
{Heap before GC invocations=53 (full 0):
 garbage-first heap   total 312320K, used 258457K [0x0000000091200000, 0x0000000100000000)
  region size 1024K, 78 young (79872K), 8 survivors (8192K)
 Metaspace       used 92433K, committed 94784K, reserved 1179648K
  class space    used 12356K, committed 13440K, reserved 1048576K
}
Event: 219.785 GC heap after
{Heap after GC invocations=54 (full 0):
 garbage-first heap   total 312320K, used 192512K [0x0000000091200000, 0x0000000100000000)
  region size 1024K, 5 young (5120K), 5 survivors (5120K)
 Metaspace       used 92433K, committed 94784K, reserved 1179648K
  class space    used 12356K, committed 13440K, reserved 1048576K
}
Event: 222.109 GC heap before
{Heap before GC invocations=54 (full 0):
 garbage-first heap   total 312320K, used 261120K [0x0000000091200000, 0x0000000100000000)
  region size 1024K, 73 young (74752K), 5 survivors (5120K)
 Metaspace       used 96656K, committed 99008K, reserved 1179648K
  class space    used 12848K, committed 13952K, reserved 1048576K
}
Event: 222.138 GC heap after
{Heap after GC invocations=55 (full 0):
 garbage-first heap   total 312320K, used 201728K [0x0000000091200000, 0x0000000100000000)
  region size 1024K, 10 young (10240K), 10 survivors (10240K)
 Metaspace       used 96656K, committed 99008K, reserved 1179648K
  class space    used 12848K, committed 13952K, reserved 1048576K
}
Event: 223.455 GC heap before
{Heap before GC invocations=55 (full 0):
 garbage-first heap   total 312320K, used 261120K [0x0000000091200000, 0x0000000100000000)
  region size 1024K, 69 young (70656K), 10 survivors (10240K)
 Metaspace       used 97074K, committed 99456K, reserved 1179648K
  class space    used 12898K, committed 14016K, reserved 1048576K
}
Event: 223.487 GC heap after
{Heap after GC invocations=56 (full 0):
 garbage-first heap   total 312320K, used 208768K [0x0000000091200000, 0x0000000100000000)
  region size 1024K, 7 young (7168K), 7 survivors (7168K)
 Metaspace       used 97074K, committed 99456K, reserved 1179648K
  class space    used 12898K, committed 14016K, reserved 1048576K
}

