# JRE version: Java(TM) SE Runtime Environment (8.0_221-b11) (build 1.8.0_221-b11)
# Java VM: Java HotSpot(TM) 64-Bit Server VM (25.221-b11 mixed mode windows-amd64 compressed oops)
Heap:
 PSYoungGen      total 126464K, used 96713K [0x00000000f5580000, 0x00000000ff680000, 0x0000000100000000)
  eden space 86528K, 96% used [0x00000000f5580000,0x00000000fa76a678,0x00000000faa00000)
  from space 39936K, 32% used [0x00000000faa00000,0x00000000fb6880b0,0x00000000fd100000)
  to   space 38400K, 0% used [0x00000000fd100000,0x00000000fd100000,0x00000000ff680000)
 ParOldGen       total 349696K, used 287846K [0x00000000e0000000, 0x00000000f5580000, 0x00000000f5580000)
  object space 349696K, 82% used [0x00000000e0000000,0x00000000f1919a08,0x00000000f5580000)
 Metaspace       used 149194K, capacity 160550K, committed 160972K, reserved 1187840K
  class space    used 19335K, capacity 21525K, committed 21748K, reserved 1048576K
GC Heap History (10 events):
Event: 905.927 GC heap before
{Heap before GC invocations=331 (full 12):
 PSYoungGen      total 150016K, used 125216K [0x00000000f5580000, 0x0000000100000000, 0x0000000100000000)
  eden space 125440K, 99% used [0x00000000f5580000,0x00000000fcfc8050,0x00000000fd000000)
  from space 24576K, 0% used [0x00000000fd000000,0x00000000fd000000,0x00000000fe800000)
  to   space 24576K, 0% used [0x00000000fe800000,0x00000000fe800000,0x0000000100000000)
 ParOldGen       total 349696K, used 349307K [0x00000000e0000000, 0x00000000f5580000, 0x00000000f5580000)
  object space 349696K, 99% used [0x00000000e0000000,0x00000000f551ecc0,0x00000000f5580000)
 Metaspace       used 145034K, capacity 156082K, committed 156364K, reserved 1183744K
  class space    used 18896K, capacity 21039K, committed 21236K, reserved 1048576K
Event: 906.677 GC heap after
Heap after GC invocations=331 (full 12):
 PSYoungGen      total 150016K, used 0K [0x00000000f5580000, 0x0000000100000000, 0x0000000100000000)
  eden space 125440K, 0% used [0x00000000f5580000,0x00000000f5580000,0x00000000fd000000)
  from space 24576K, 0% used [0x00000000fd000000,0x00000000fd000000,0x00000000fe800000)
  to   space 24576K, 0% used [0x00000000fe800000,0x00000000fe800000,0x0000000100000000)
 ParOldGen       total 349696K, used 287822K [0x00000000e0000000, 0x00000000f5580000, 0x00000000f5580000)
  object space 349696K, 82% used [0x00000000e0000000,0x00000000f1913a08,0x00000000f5580000)
 Metaspace       used 144822K, capacity 155738K, committed 156364K, reserved 1183744K
  class space    used 18862K, capacity 20977K, committed 21236K, reserved 1048576K
}
Event: 907.901 GC heap before
{Heap before GC invocations=332 (full 12):
 PSYoungGen      total 150016K, used 125291K [0x00000000f5580000, 0x0000000100000000, 0x0000000100000000)
  eden space 125440K, 99% used [0x00000000f5580000,0x00000000fcfdacc0,0x00000000fd000000)
  from space 24576K, 0% used [0x00000000fd000000,0x00000000fd000000,0x00000000fe800000)
  to   space 24576K, 0% used [0x00000000fe800000,0x00000000fe800000,0x0000000100000000)
 ParOldGen       total 349696K, used 287822K [0x00000000e0000000, 0x00000000f5580000, 0x00000000f5580000)
  object space 349696K, 82% used [0x00000000e0000000,0x00000000f1913a08,0x00000000f5580000)
 Metaspace       used 144824K, capacity 155738K, committed 156364K, reserved 1183744K
  class space    used 18862K, capacity 20977K, committed 21236K, reserved 1048576K
Event: 907.920 GC heap after
Heap after GC invocations=332 (full 12):
 PSYoungGen      total 109056K, used 16079K [0x00000000f5580000, 0x0000000100000000, 0x0000000100000000)
  eden space 84480K, 0% used [0x00000000f5580000,0x00000000f5580000,0x00000000fa800000)
  from space 24576K, 65% used [0x00000000fe800000,0x00000000ff7b3f98,0x0000000100000000)
  to   space 45056K, 0% used [0x00000000fa800000,0x00000000fa800000,0x00000000fd400000)
 ParOldGen       total 349696K, used 287830K [0x00000000e0000000, 0x00000000f5580000, 0x00000000f5580000)
  object space 349696K, 82% used [0x00000000e0000000,0x00000000f1915a08,0x00000000f5580000)
 Metaspace       used 144824K, capacity 155738K, committed 156364K, reserved 1183744K
  class space    used 18862K, capacity 20977K, committed 21236K, reserved 1048576K
}
Event: 908.716 GC heap before
{Heap before GC invocations=333 (full 12):
 PSYoungGen      total 109056K, used 100530K [0x00000000f5580000, 0x0000000100000000, 0x0000000100000000)
  eden space 84480K, 99% used [0x00000000f5580000,0x00000000fa7f8aa0,0x00000000fa800000)
  from space 24576K, 65% used [0x00000000fe800000,0x00000000ff7b3f98,0x0000000100000000)
  to   space 45056K, 0% used [0x00000000fa800000,0x00000000fa800000,0x00000000fd400000)
 ParOldGen       total 349696K, used 287830K [0x00000000e0000000, 0x00000000f5580000, 0x00000000f5580000)
  object space 349696K, 82% used [0x00000000e0000000,0x00000000f1915a08,0x00000000f5580000)
 Metaspace       used 144824K, capacity 155738K, committed 156364K, reserved 1183744K
  class space    used 18862K, capacity 20977K, committed 21236K, reserved 1048576K
Event: 908.733 GC heap after
Heap after GC invocations=333 (full 12):
 PSYoungGen      total 98816K, used 13952K [0x00000000f5580000, 0x00000000ffd00000, 0x0000000100000000)
  eden space 84480K, 0% used [0x00000000f5580000,0x00000000f5580000,0x00000000fa800000)
  from space 14336K, 97% used [0x00000000fa800000,0x00000000fb5a00f8,0x00000000fb600000)
  to   space 42496K, 0% used [0x00000000fd380000,0x00000000fd380000,0x00000000ffd00000)
 ParOldGen       total 349696K, used 287830K [0x00000000e0000000, 0x00000000f5580000, 0x00000000f5580000)
  object space 349696K, 82% used [0x00000000e0000000,0x00000000f1915a08,0x00000000f5580000)
 Metaspace       used 144824K, capacity 155738K, committed 156364K, reserved 1183744K
  class space    used 18862K, capacity 20977K, committed 21236K, reserved 1048576K
}
Event: 909.537 GC heap before
{Heap before GC invocations=334 (full 12):
 PSYoungGen      total 98816K, used 97372K [0x00000000f5580000, 0x00000000ffd00000, 0x0000000100000000)
  eden space 84480K, 98% used [0x00000000f5580000,0x00000000fa6f6f38,0x00000000fa800000)
  from space 14336K, 97% used [0x00000000fa800000,0x00000000fb5a00f8,0x00000000fb600000)
  to   space 42496K, 0% used [0x00000000fd380000,0x00000000fd380000,0x00000000ffd00000)
 ParOldGen       total 349696K, used 287830K [0x00000000e0000000, 0x00000000f5580000, 0x00000000f5580000)
  object space 349696K, 82% used [0x00000000e0000000,0x00000000f1915a08,0x00000000f5580000)
 Metaspace       used 144837K, capacity 155738K, committed 156364K, reserved 1183744K
  class space    used 18862K, capacity 20977K, committed 21236K, reserved 1048576K
Event: 909.549 GC heap after
Heap after GC invocations=334 (full 12):
 PSYoungGen      total 123904K, used 14944K [0x00000000f5580000, 0x00000000ff800000, 0x0000000100000000)
  eden space 86528K, 0% used [0x00000000f5580000,0x00000000f5580000,0x00000000faa00000)
  from space 37376K, 39% used [0x00000000fd380000,0x00000000fe218230,0x00000000ff800000)
  to   space 39936K, 0% used [0x00000000faa00000,0x00000000faa00000,0x00000000fd100000)
 ParOldGen       total 349696K, used 287838K [0x00000000e0000000, 0x00000000f5580000, 0x00000000f5580000)
  object space 349696K, 82% used [0x00000000e0000000,0x00000000f1917a08,0x00000000f5580000)
 Metaspace       used 144837K, capacity 155738K, committed 156364K, reserved 1183744K
  class space    used 18862K, capacity 20977K, committed 21236K, reserved 1048576K
}
Event: 911.266 GC heap before
{Heap before GC invocations=335 (full 12):
 PSYoungGen      total 123904K, used 101356K [0x00000000f5580000, 0x00000000ff800000, 0x0000000100000000)
  eden space 86528K, 99% used [0x00000000f5580000,0x00000000fa9e2eb8,0x00000000faa00000)
  from space 37376K, 39% used [0x00000000fd380000,0x00000000fe218230,0x00000000ff800000)
  to   space 39936K, 0% used [0x00000000faa00000,0x00000000faa00000,0x00000000fd100000)
 ParOldGen       total 349696K, used 287838K [0x00000000e0000000, 0x00000000f5580000, 0x00000000f5580000)
  object space 349696K, 82% used [0x00000000e0000000,0x00000000f1917a08,0x00000000f5580000)
 Metaspace       used 145098K, capacity 156044K, committed 156748K, reserved 1185792K
  class space    used 18897K, capacity 21012K, committed 21364K, reserved 1048576K
Event: 911.281 GC heap after
Heap after GC invocations=335 (full 12):
 PSYoungGen      total 126464K, used 12832K [0x00000000f5580000, 0x00000000ff680000, 0x0000000100000000)
  eden space 86528K, 0% used [0x00000000f5580000,0x00000000f5580000,0x00000000faa00000)
  from space 39936K, 32% used [0x00000000faa00000,0x00000000fb6880b0,0x00000000fd100000)
  to   space 38400K, 0% used [0x00000000fd100000,0x00000000fd100000,0x00000000ff680000)
 ParOldGen       total 349696K, used 287846K [0x00000000e0000000, 0x00000000f5580000, 0x00000000f5580000)
  object space 349696K, 82% used [0x00000000e0000000,0x00000000f1919a08,0x00000000f5580000)
 Metaspace       used 145098K, capacity 156044K, committed 156748K, reserved 1185792K
  class space    used 18897K, capacity 21012K, committed 21364K, reserved 1048576K
}

